commit 46d0a2e2330aaef8f924f499e10ab95b499f231a
Author: Brad Denver <brad.denver@gmail.com>
Date:   Sun Nov 23 16:11:46 2014 +1100

    Corrected behaviour when rotating right from WEST. Added run.rb and instructions on run the program via irb

commit 6198efc6c50f64f825ea7e349007dfdc764eac60
Author: Brad Denver <brad.denver@gmail.com>
Date:   Sun Nov 23 09:38:44 2014 +1100

    refactored left and right to use a common rotate method

commit 46cb15107add0e1dd2e274569bd7f5ecb3dd29aa
Author: Brad Denver <brad.denver@gmail.com>
Date:   Sun Nov 23 09:27:43 2014 +1100

    implemented left and right commands

commit 342f82cc7127e4097aaa8751c5b65edef7476809
Author: Brad Denver <brad.denver@gmail.com>
Date:   Sun Nov 23 08:55:29 2014 +1100

    robot can now respond to move command

commit dab221de193ce34a8a2aefae18c9eee6ee4cfa49
Author: Brad Denver <brad.denver@gmail.com>
Date:   Sat Nov 22 23:33:37 2014 +1100

    robot now records placement and can report it back

commit becf7fc45ff8fbb7127b97f4e4fbc3b5e86b3149
Author: Brad Denver <brad.denver@gmail.com>
Date:   Sat Nov 22 22:52:00 2014 +1100

    robot can now accept a valid place command (does not yet remember coords)

commit 619ba8de4f3df406c80222461ba2b697fe840647
Author: Brad Denver <brad.denver@gmail.com>
Date:   Sat Nov 22 22:13:02 2014 +1100

    created Board class to represent table top and work out if point is within its limits

commit 904f7220d088500edca4ad8c6e86fa6c4c4cdb0d
Author: Brad Denver <brad.denver@gmail.com>
Date:   Sat Nov 22 21:33:56 2014 +1100

    updated test to check creation of robot with the required (but empty) place, move, left, right and report methods

commit 72aae1f89a00ab06d90ce71100ba8ac40e98e6fa
Author: Brad Denver <brad.denver@gmail.com>
Date:   Sat Nov 22 19:39:21 2014 +1100

    initial commit for project with a passing test for the empty Robot class
